Added Component: Designator=U1_U_FPGA1(LQFP144)
Add component (AddParameter): Name = "SPLIT_INST"; Value = "TRUE"; VariantName = "[No Variations]"
Add component (AddParameter): Name = "SWAP_INFO"; Value = "(S1+S2+S3+S4+S5+S6+S7+S8+S9+S10+S11+S12+S13+S14)"; VariantName = "[No Variations]"
Added Component: Designator=U1_U_FPGA2(LQFP144)
Add component (AddParameter): Name = "SPLIT_INST"; Value = "TRUE"; VariantName = "[No Variations]"
Add component (AddParameter): Name = "SWAP_INFO"; Value = "(S1+S2+S3+S4+S5+S6+S7+S8+S9+S10+S11+S12+S13+S14)"; VariantName = "[No Variations]"
Added Pin To Net: NetName=GND Pin=U1_U_FPGA1-1
Added Pin To Net: NetName=1V2 Pin=U1_U_FPGA1-2
Added Pin To Net: NetName=T44_U_FPGA1 Pin=U1_U_FPGA1-3
Added Pin To Net: NetName=T45_U_FPGA1 Pin=U1_U_FPGA1-4
Added Pin To Net: NetName=GND Pin=U1_U_FPGA1-5
Added Pin To Net: NetName=T46_U_FPGA1 Pin=U1_U_FPGA1-6
Added Pin To Net: NetName=T47_U_FPGA1 Pin=U1_U_FPGA1-7
Added Pin To Net: NetName=T48_U_FPGA1 Pin=U1_U_FPGA1-8
Added Pin To Net: NetName=GND Pin=U1_U_FPGA1-9
Added Pin To Net: NetName=T49_U_FPGA1 Pin=U1_U_FPGA1-10
Added Pin To Net: NetName=T50_U_FPGA1 Pin=U1_U_FPGA1-11
Added Pin To Net: NetName=3V3 Pin=U1_U_FPGA1-12
Added Pin To Net: NetName=1V2 Pin=U1_U_FPGA1-13
Added Pin To Net: NetName=MOSI_DATA Pin=U1_U_FPGA1-14
Added Pin To Net: NetName=MISO_DATA Pin=U1_U_FPGA1-15
Added Pin To Net: NetName=CCK_DATA Pin=U1_U_FPGA1-16
Added Pin To Net: NetName=CS1 Pin=U1_U_FPGA1-17
Added Pin To Net: NetName=NetU1_U_FPGA1_18 Pin=U1_U_FPGA1-18
Added Pin To Net: NetName=EXT_SYNC_OUT Pin=U1_U_FPGA1-19
Added Pin To Net: NetName=NetR1_U_FPGA1_2 Pin=U1_U_FPGA1-20
Added Pin To Net: NetName=3V3 Pin=U1_U_FPGA1-21
Added Pin To Net: NetName=1V2 Pin=U1_U_FPGA1-22
Added Pin To Net: NetName=3V3 Pin=U1_U_FPGA1-23
Added Pin To Net: NetName=NetR8_U_FPGA1_2 Pin=U1_U_FPGA1-24
Added Pin To Net: NetName=NetR9_U_FPGA1_2 Pin=U1_U_FPGA1-25
Added Pin To Net: NetName=NetR10_U_FPGA1_2 Pin=U1_U_FPGA1-26
Added Pin To Net: NetName=NetR11_U_FPGA1_2 Pin=U1_U_FPGA1-27
Added Pin To Net: NetName=NetU1_U_FPGA1_28 Pin=U1_U_FPGA1-28
Added Pin To Net: NetName=NetR15_1 Pin=U1_U_FPGA1-29
Added Pin To Net: NetName=CCK Pin=U1_U_FPGA1-30
Added Pin To Net: NetName=GND Pin=U1_U_FPGA1-31
Added Pin To Net: NetName=NetU1_U_FPGA1_32 Pin=U1_U_FPGA1-32
Added Pin To Net: NetName=NetU1_U_FPGA1_33 Pin=U1_U_FPGA1-33
Added Pin To Net: NetName=CDONE Pin=U1_U_FPGA1-34
Added Pin To Net: NetName=CRESET Pin=U1_U_FPGA1-35
Added Pin To Net: NetName=GND Pin=U1_U_FPGA1-37
Added Pin To Net: NetName=GND Pin=U1_U_FPGA1-44
Added Pin To Net: NetName=1V2 Pin=U1_U_FPGA1-49
Added Pin To Net: NetName=GND Pin=U1_U_FPGA1-50
Added Pin To Net: NetName=3V3 Pin=U1_U_FPGA1-51
Added Pin To Net: NetName=3V3 Pin=U1_U_FPGA1-52
Added Pin To Net: NetName=1V2 Pin=U1_U_FPGA1-57
Added Pin To Net: NetName=3V3 Pin=U1_U_FPGA1-62
Added Pin To Net: NetName=3V3 Pin=U1_U_FPGA1-63
Added Pin To Net: NetName=GND Pin=U1_U_FPGA1-64
Added Pin To Net: NetName=1V2 Pin=U1_U_FPGA1-73
Added Pin To Net: NetName=NetR4_U_FPGA1_1 Pin=U1_U_FPGA1-74
Added Pin To Net: NetName=PLLIN_U_FPGA1 Pin=U1_U_FPGA1-75
Added Pin To Net: NetName=T1_U_FPGA1 Pin=U1_U_FPGA1-76
Added Pin To Net: NetName=T2_U_FPGA1 Pin=U1_U_FPGA1-77
Added Pin To Net: NetName=NetR5_U_FPGA1_1 Pin=U1_U_FPGA1-78
Added Pin To Net: NetName=NetR6_U_FPGA1_1 Pin=U1_U_FPGA1-79
Added Pin To Net: NetName=NetR7_U_FPGA1_1 Pin=U1_U_FPGA1-80
Added Pin To Net: NetName=T3_U_FPGA1 Pin=U1_U_FPGA1-81
Added Pin To Net: NetName=T4_U_FPGA1 Pin=U1_U_FPGA1-82
Added Pin To Net: NetName=T5_U_FPGA1 Pin=U1_U_FPGA1-83
Added Pin To Net: NetName=T6_U_FPGA1 Pin=U1_U_FPGA1-84
Added Pin To Net: NetName=1V2 Pin=U1_U_FPGA1-85
Added Pin To Net: NetName=T7_U_FPGA1 Pin=U1_U_FPGA1-86
Added Pin To Net: NetName=T8_U_FPGA1 Pin=U1_U_FPGA1-87
Added Pin To Net: NetName=3V3 Pin=U1_U_FPGA1-88
Added Pin To Net: NetName=T9_U_FPGA1 Pin=U1_U_FPGA1-89
Added Pin To Net: NetName=T10_U_FPGA1 Pin=U1_U_FPGA1-90
Added Pin To Net: NetName=3V3 Pin=U1_U_FPGA1-91
Added Pin To Net: NetName=T11_U_FPGA1 Pin=U1_U_FPGA1-92
Added Pin To Net: NetName=T12_U_FPGA1 Pin=U1_U_FPGA1-93
Added Pin To Net: NetName=GND Pin=U1_U_FPGA1-94
Added Pin To Net: NetName=3V3 Pin=U1_U_FPGA1-95
Added Pin To Net: NetName=1V2 Pin=U1_U_FPGA1-96
Added Pin To Net: NetName=T13_U_FPGA1 Pin=U1_U_FPGA1-97
Added Pin To Net: NetName=T14_U_FPGA1 Pin=U1_U_FPGA1-98
Added Pin To Net: NetName=T15_U_FPGA1 Pin=U1_U_FPGA1-99
Added Pin To Net: NetName=T16_U_FPGA1 Pin=U1_U_FPGA1-100
Added Pin To Net: NetName=T17_U_FPGA1 Pin=U1_U_FPGA1-101
Added Pin To Net: NetName=T18_U_FPGA1 Pin=U1_U_FPGA1-102
Added Pin To Net: NetName=T19_U_FPGA1 Pin=U1_U_FPGA1-103
Added Pin To Net: NetName=GND Pin=U1_U_FPGA1-104
Added Pin To Net: NetName=T20_U_FPGA1 Pin=U1_U_FPGA1-105
Added Pin To Net: NetName=T21_U_FPGA1 Pin=U1_U_FPGA1-106
Added Pin To Net: NetName=1V2 Pin=U1_U_FPGA1-107
Added Pin To Net: NetName=GND Pin=U1_U_FPGA1-108
Added Pin To Net: NetName=T22_U_FPGA1 Pin=U1_U_FPGA1-109
Added Pin To Net: NetName=T23_U_FPGA1 Pin=U1_U_FPGA1-110
Added Pin To Net: NetName=T24_U_FPGA1 Pin=U1_U_FPGA1-111
Added Pin To Net: NetName=T25_U_FPGA1 Pin=U1_U_FPGA1-112
Added Pin To Net: NetName=T26_U_FPGA1 Pin=U1_U_FPGA1-113
Added Pin To Net: NetName=T27_U_FPGA1 Pin=U1_U_FPGA1-114
Added Pin To Net: NetName=T28_U_FPGA1 Pin=U1_U_FPGA1-115
Added Pin To Net: NetName=T29_U_FPGA1 Pin=U1_U_FPGA1-116
Added Pin To Net: NetName=T30_U_FPGA1 Pin=U1_U_FPGA1-117
Added Pin To Net: NetName=T31_U_FPGA1 Pin=U1_U_FPGA1-118
Added Pin To Net: NetName=T32_U_FPGA1 Pin=U1_U_FPGA1-119
Added Pin To Net: NetName=GND Pin=U1_U_FPGA1-120
Added Pin To Net: NetName=GND Pin=U1_U_FPGA1-121
Added Pin To Net: NetName=3V3 Pin=U1_U_FPGA1-122
Added Pin To Net: NetName=T33_U_FPGA1 Pin=U1_U_FPGA1-123
Added Pin To Net: NetName=T34_U_FPGA1 Pin=U1_U_FPGA1-124
Added Pin To Net: NetName=1V2 Pin=U1_U_FPGA1-125
Added Pin To Net: NetName=GND Pin=U1_U_FPGA1-126
Added Pin To Net: NetName=GND Pin=U1_U_FPGA1-127
Added Pin To Net: NetName=1V2 Pin=U1_U_FPGA1-128
Added Pin To Net: NetName=GND Pin=U1_U_FPGA1-129
Added Pin To Net: NetName=1V2 Pin=U1_U_FPGA1-130
Added Pin To Net: NetName=T35_U_FPGA1 Pin=U1_U_FPGA1-131
Added Pin To Net: NetName=T36_U_FPGA1 Pin=U1_U_FPGA1-132
Added Pin To Net: NetName=GND Pin=U1_U_FPGA1-133
Added Pin To Net: NetName=T37_U_FPGA1 Pin=U1_U_FPGA1-134
Added Pin To Net: NetName=T38_U_FPGA1 Pin=U1_U_FPGA1-135
Added Pin To Net: NetName=NetU1_U_FPGA1_136 Pin=U1_U_FPGA1-136
Added Pin To Net: NetName=NetR2_U_FPGA1_1 Pin=U1_U_FPGA1-137
Added Pin To Net: NetName=NetR3_U_FPGA1_1 Pin=U1_U_FPGA1-138
Added Pin To Net: NetName=T39_U_FPGA1 Pin=U1_U_FPGA1-139
Added Pin To Net: NetName=T40_U_FPGA1 Pin=U1_U_FPGA1-140
Added Pin To Net: NetName=T41_U_FPGA1 Pin=U1_U_FPGA1-141
Added Pin To Net: NetName=T42_U_FPGA1 Pin=U1_U_FPGA1-142
Added Pin To Net: NetName=3V3 Pin=U1_U_FPGA1-143
Added Pin To Net: NetName=T43_U_FPGA1 Pin=U1_U_FPGA1-144
Added Pin To Net: NetName=GND Pin=U1_U_FPGA2-1
Added Pin To Net: NetName=1V2 Pin=U1_U_FPGA2-2
Added Pin To Net: NetName=T44_U_FPGA2 Pin=U1_U_FPGA2-3
Added Pin To Net: NetName=T45_U_FPGA2 Pin=U1_U_FPGA2-4
Added Pin To Net: NetName=GND Pin=U1_U_FPGA2-5
Added Pin To Net: NetName=T46_U_FPGA2 Pin=U1_U_FPGA2-6
Added Pin To Net: NetName=T47_U_FPGA2 Pin=U1_U_FPGA2-7
Added Pin To Net: NetName=T48_U_FPGA2 Pin=U1_U_FPGA2-8
Added Pin To Net: NetName=GND Pin=U1_U_FPGA2-9
Added Pin To Net: NetName=T49_U_FPGA2 Pin=U1_U_FPGA2-10
Added Pin To Net: NetName=T50_U_FPGA2 Pin=U1_U_FPGA2-11
Added Pin To Net: NetName=3V3 Pin=U1_U_FPGA2-12
Added Pin To Net: NetName=1V2 Pin=U1_U_FPGA2-13
Added Pin To Net: NetName=MOSI_DATA Pin=U1_U_FPGA2-14
Added Pin To Net: NetName=MISO_DATA Pin=U1_U_FPGA2-15
Added Pin To Net: NetName=CCK_DATA Pin=U1_U_FPGA2-16
Added Pin To Net: NetName=CS0 Pin=U1_U_FPGA2-17
Added Pin To Net: NetName=EXT_SYNC_IN Pin=U1_U_FPGA2-19
Added Pin To Net: NetName=NetMAIN_1 Pin=U1_U_FPGA2-20
Added Pin To Net: NetName=3V3 Pin=U1_U_FPGA2-21
Added Pin To Net: NetName=1V2 Pin=U1_U_FPGA2-22
Added Pin To Net: NetName=3V3 Pin=U1_U_FPGA2-23
Added Pin To Net: NetName=NetR8_U_FPGA2_2 Pin=U1_U_FPGA2-24
Added Pin To Net: NetName=NetR9_U_FPGA2_2 Pin=U1_U_FPGA2-25
Added Pin To Net: NetName=NetR10_U_FPGA2_2 Pin=U1_U_FPGA2-26
Added Pin To Net: NetName=NetR11_U_FPGA2_2 Pin=U1_U_FPGA2-27
Added Pin To Net: NetName=NetR15_1 Pin=U1_U_FPGA2-28
Added Pin To Net: NetName=NetR14_1 Pin=U1_U_FPGA2-29
Added Pin To Net: NetName=CCK Pin=U1_U_FPGA2-30
Added Pin To Net: NetName=SS Pin=U1_U_FPGA2-31
Added Pin To Net: NetName=NetR12_1 Pin=U1_U_FPGA2-32
Added Pin To Net: NetName=NetU1_U_FPGA1_32 Pin=U1_U_FPGA2-33
Added Pin To Net: NetName=CDONE Pin=U1_U_FPGA2-34
Added Pin To Net: NetName=CRESET Pin=U1_U_FPGA2-35
Added Pin To Net: NetName=GND Pin=U1_U_FPGA2-37
Added Pin To Net: NetName=GND Pin=U1_U_FPGA2-44
Added Pin To Net: NetName=1V2 Pin=U1_U_FPGA2-49
Added Pin To Net: NetName=GND Pin=U1_U_FPGA2-50
Added Pin To Net: NetName=3V3 Pin=U1_U_FPGA2-51
Added Pin To Net: NetName=3V3 Pin=U1_U_FPGA2-52
Added Pin To Net: NetName=1V2 Pin=U1_U_FPGA2-57
Added Pin To Net: NetName=3V3 Pin=U1_U_FPGA2-62
Added Pin To Net: NetName=3V3 Pin=U1_U_FPGA2-63
Added Pin To Net: NetName=GND Pin=U1_U_FPGA2-64
Added Pin To Net: NetName=1V2 Pin=U1_U_FPGA2-73
Added Pin To Net: NetName=NetR4_U_FPGA2_1 Pin=U1_U_FPGA2-74
Added Pin To Net: NetName=PLLIN_U_FPGA2 Pin=U1_U_FPGA2-75
Added Pin To Net: NetName=T1_U_FPGA2 Pin=U1_U_FPGA2-76
Added Pin To Net: NetName=T2_U_FPGA2 Pin=U1_U_FPGA2-77
Added Pin To Net: NetName=NetR5_U_FPGA2_1 Pin=U1_U_FPGA2-78
Added Pin To Net: NetName=NetR6_U_FPGA2_1 Pin=U1_U_FPGA2-79
Added Pin To Net: NetName=NetR7_U_FPGA2_1 Pin=U1_U_FPGA2-80
Added Pin To Net: NetName=T3_U_FPGA2 Pin=U1_U_FPGA2-81
Added Pin To Net: NetName=T4_U_FPGA2 Pin=U1_U_FPGA2-82
Added Pin To Net: NetName=T5_U_FPGA2 Pin=U1_U_FPGA2-83
Added Pin To Net: NetName=T6_U_FPGA2 Pin=U1_U_FPGA2-84
Added Pin To Net: NetName=1V2 Pin=U1_U_FPGA2-85
Added Pin To Net: NetName=T7_U_FPGA2 Pin=U1_U_FPGA2-86
Added Pin To Net: NetName=T8_U_FPGA2 Pin=U1_U_FPGA2-87
Added Pin To Net: NetName=3V3 Pin=U1_U_FPGA2-88
Added Pin To Net: NetName=T9_U_FPGA2 Pin=U1_U_FPGA2-89
Added Pin To Net: NetName=T10_U_FPGA2 Pin=U1_U_FPGA2-90
Added Pin To Net: NetName=3V3 Pin=U1_U_FPGA2-91
Added Pin To Net: NetName=T11_U_FPGA2 Pin=U1_U_FPGA2-92
Added Pin To Net: NetName=T12_U_FPGA2 Pin=U1_U_FPGA2-93
Added Pin To Net: NetName=GND Pin=U1_U_FPGA2-94
Added Pin To Net: NetName=3V3 Pin=U1_U_FPGA2-95
Added Pin To Net: NetName=1V2 Pin=U1_U_FPGA2-96
Added Pin To Net: NetName=T13_U_FPGA2 Pin=U1_U_FPGA2-97
Added Pin To Net: NetName=T14_U_FPGA2 Pin=U1_U_FPGA2-98
Added Pin To Net: NetName=T15_U_FPGA2 Pin=U1_U_FPGA2-99
Added Pin To Net: NetName=T16_U_FPGA2 Pin=U1_U_FPGA2-100
Added Pin To Net: NetName=T17_U_FPGA2 Pin=U1_U_FPGA2-101
Added Pin To Net: NetName=T18_U_FPGA2 Pin=U1_U_FPGA2-102
Added Pin To Net: NetName=T19_U_FPGA2 Pin=U1_U_FPGA2-103
Added Pin To Net: NetName=GND Pin=U1_U_FPGA2-104
Added Pin To Net: NetName=T20_U_FPGA2 Pin=U1_U_FPGA2-105
Added Pin To Net: NetName=T21_U_FPGA2 Pin=U1_U_FPGA2-106
Added Pin To Net: NetName=1V2 Pin=U1_U_FPGA2-107
Added Pin To Net: NetName=GND Pin=U1_U_FPGA2-108
Added Pin To Net: NetName=T22_U_FPGA2 Pin=U1_U_FPGA2-109
Added Pin To Net: NetName=T23_U_FPGA2 Pin=U1_U_FPGA2-110
Added Pin To Net: NetName=T24_U_FPGA2 Pin=U1_U_FPGA2-111
Added Pin To Net: NetName=T25_U_FPGA2 Pin=U1_U_FPGA2-112
Added Pin To Net: NetName=T26_U_FPGA2 Pin=U1_U_FPGA2-113
Added Pin To Net: NetName=T27_U_FPGA2 Pin=U1_U_FPGA2-114
Added Pin To Net: NetName=T28_U_FPGA2 Pin=U1_U_FPGA2-115
Added Pin To Net: NetName=T29_U_FPGA2 Pin=U1_U_FPGA2-116
Added Pin To Net: NetName=T30_U_FPGA2 Pin=U1_U_FPGA2-117
Added Pin To Net: NetName=T31_U_FPGA2 Pin=U1_U_FPGA2-118
Added Pin To Net: NetName=T32_U_FPGA2 Pin=U1_U_FPGA2-119
Added Pin To Net: NetName=GND Pin=U1_U_FPGA2-120
Added Pin To Net: NetName=GND Pin=U1_U_FPGA2-121
Added Pin To Net: NetName=3V3 Pin=U1_U_FPGA2-122
Added Pin To Net: NetName=T33_U_FPGA2 Pin=U1_U_FPGA2-123
Added Pin To Net: NetName=T34_U_FPGA2 Pin=U1_U_FPGA2-124
Added Pin To Net: NetName=1V2 Pin=U1_U_FPGA2-125
Added Pin To Net: NetName=GND Pin=U1_U_FPGA2-126
Added Pin To Net: NetName=GND Pin=U1_U_FPGA2-127
Added Pin To Net: NetName=1V2 Pin=U1_U_FPGA2-128
Added Pin To Net: NetName=GND Pin=U1_U_FPGA2-129
Added Pin To Net: NetName=1V2 Pin=U1_U_FPGA2-130
Added Pin To Net: NetName=T35_U_FPGA2 Pin=U1_U_FPGA2-131
Added Pin To Net: NetName=T36_U_FPGA2 Pin=U1_U_FPGA2-132
Added Pin To Net: NetName=GND Pin=U1_U_FPGA2-133
Added Pin To Net: NetName=T37_U_FPGA2 Pin=U1_U_FPGA2-134
Added Pin To Net: NetName=T38_U_FPGA2 Pin=U1_U_FPGA2-135
Added Pin To Net: NetName=NetD1_2 Pin=U1_U_FPGA2-136
Added Pin To Net: NetName=NetR2_U_FPGA2_1 Pin=U1_U_FPGA2-137
Added Pin To Net: NetName=NetR3_U_FPGA2_1 Pin=U1_U_FPGA2-138
Added Pin To Net: NetName=T39_U_FPGA2 Pin=U1_U_FPGA2-139
Added Pin To Net: NetName=T40_U_FPGA2 Pin=U1_U_FPGA2-140
Added Pin To Net: NetName=T41_U_FPGA2 Pin=U1_U_FPGA2-141
Added Pin To Net: NetName=T42_U_FPGA2 Pin=U1_U_FPGA2-142
Added Pin To Net: NetName=3V3 Pin=U1_U_FPGA2-143
Added Pin To Net: NetName=T43_U_FPGA2 Pin=U1_U_FPGA2-144
Added Pin To Net: NetName=T49_U_FPGA1 Pin=U2_U_Transmitter1-2
Added Pin To Net: NetName=T50_U_FPGA1 Pin=U2_U_Transmitter1-4
Added Pin To Net: NetName=T47_U_FPGA1 Pin=U2_U_Transmitter2-2
Added Pin To Net: NetName=T48_U_FPGA1 Pin=U2_U_Transmitter2-4
Added Pin To Net: NetName=T45_U_FPGA1 Pin=U2_U_Transmitter3-2
Added Pin To Net: NetName=T46_U_FPGA1 Pin=U2_U_Transmitter3-4
Added Pin To Net: NetName=T43_U_FPGA1 Pin=U2_U_Transmitter4-2
Added Pin To Net: NetName=T44_U_FPGA1 Pin=U2_U_Transmitter4-4
Added Pin To Net: NetName=T41_U_FPGA1 Pin=U2_U_Transmitter5-2
Added Pin To Net: NetName=T42_U_FPGA1 Pin=U2_U_Transmitter5-4
Added Pin To Net: NetName=T39_U_FPGA1 Pin=U2_U_Transmitter6-2
Added Pin To Net: NetName=T40_U_FPGA1 Pin=U2_U_Transmitter6-4
Added Pin To Net: NetName=T37_U_FPGA1 Pin=U2_U_Transmitter7-2
Added Pin To Net: NetName=T38_U_FPGA1 Pin=U2_U_Transmitter7-4
Added Pin To Net: NetName=T35_U_FPGA1 Pin=U2_U_Transmitter8-2
Added Pin To Net: NetName=T36_U_FPGA1 Pin=U2_U_Transmitter8-4
Added Pin To Net: NetName=T33_U_FPGA1 Pin=U2_U_Transmitter9-2
Added Pin To Net: NetName=T34_U_FPGA1 Pin=U2_U_Transmitter9-4
Added Pin To Net: NetName=T31_U_FPGA1 Pin=U2_U_Transmitter10-2
Added Pin To Net: NetName=T32_U_FPGA1 Pin=U2_U_Transmitter10-4
Added Pin To Net: NetName=T29_U_FPGA1 Pin=U2_U_Transmitter11-2
Added Pin To Net: NetName=T30_U_FPGA1 Pin=U2_U_Transmitter11-4
Added Pin To Net: NetName=T27_U_FPGA1 Pin=U2_U_Transmitter12-2
Added Pin To Net: NetName=T28_U_FPGA1 Pin=U2_U_Transmitter12-4
Added Pin To Net: NetName=T25_U_FPGA1 Pin=U2_U_Transmitter13-2
Added Pin To Net: NetName=T26_U_FPGA1 Pin=U2_U_Transmitter13-4
Added Pin To Net: NetName=T23_U_FPGA1 Pin=U2_U_Transmitter14-2
Added Pin To Net: NetName=T24_U_FPGA1 Pin=U2_U_Transmitter14-4
Added Pin To Net: NetName=T21_U_FPGA1 Pin=U2_U_Transmitter15-2
Added Pin To Net: NetName=T22_U_FPGA1 Pin=U2_U_Transmitter15-4
Added Pin To Net: NetName=T19_U_FPGA1 Pin=U2_U_Transmitter16-2
Added Pin To Net: NetName=T20_U_FPGA1 Pin=U2_U_Transmitter16-4
Added Pin To Net: NetName=T17_U_FPGA1 Pin=U2_U_Transmitter17-2
Added Pin To Net: NetName=T18_U_FPGA1 Pin=U2_U_Transmitter17-4
Added Pin To Net: NetName=T15_U_FPGA1 Pin=U2_U_Transmitter18-2
Added Pin To Net: NetName=T16_U_FPGA1 Pin=U2_U_Transmitter18-4
Added Pin To Net: NetName=T13_U_FPGA1 Pin=U2_U_Transmitter19-2
Added Pin To Net: NetName=T14_U_FPGA1 Pin=U2_U_Transmitter19-4
Added Pin To Net: NetName=T11_U_FPGA1 Pin=U2_U_Transmitter20-2
Added Pin To Net: NetName=T12_U_FPGA1 Pin=U2_U_Transmitter20-4
Added Pin To Net: NetName=T9_U_FPGA1 Pin=U2_U_Transmitter21-2
Added Pin To Net: NetName=T10_U_FPGA1 Pin=U2_U_Transmitter21-4
Added Pin To Net: NetName=T7_U_FPGA1 Pin=U2_U_Transmitter22-2
Added Pin To Net: NetName=T8_U_FPGA1 Pin=U2_U_Transmitter22-4
Added Pin To Net: NetName=T5_U_FPGA1 Pin=U2_U_Transmitter23-2
Added Pin To Net: NetName=T6_U_FPGA1 Pin=U2_U_Transmitter23-4
Added Pin To Net: NetName=T3_U_FPGA1 Pin=U2_U_Transmitter24-2
Added Pin To Net: NetName=T4_U_FPGA1 Pin=U2_U_Transmitter24-4
Added Pin To Net: NetName=T1_U_FPGA1 Pin=U2_U_Transmitter25-2
Added Pin To Net: NetName=T2_U_FPGA1 Pin=U2_U_Transmitter25-4
Added Pin To Net: NetName=T49_U_FPGA2 Pin=U2_U_Transmitter26-2
Added Pin To Net: NetName=T50_U_FPGA2 Pin=U2_U_Transmitter26-4
Added Pin To Net: NetName=T47_U_FPGA2 Pin=U2_U_Transmitter27-2
Added Pin To Net: NetName=T48_U_FPGA2 Pin=U2_U_Transmitter27-4
Added Pin To Net: NetName=T45_U_FPGA2 Pin=U2_U_Transmitter28-2
Added Pin To Net: NetName=T46_U_FPGA2 Pin=U2_U_Transmitter28-4
Added Pin To Net: NetName=T43_U_FPGA2 Pin=U2_U_Transmitter29-2
Added Pin To Net: NetName=T44_U_FPGA2 Pin=U2_U_Transmitter29-4
Added Pin To Net: NetName=T41_U_FPGA2 Pin=U2_U_Transmitter30-2
Added Pin To Net: NetName=T42_U_FPGA2 Pin=U2_U_Transmitter30-4
Added Pin To Net: NetName=T39_U_FPGA2 Pin=U2_U_Transmitter31-2
Added Pin To Net: NetName=T40_U_FPGA2 Pin=U2_U_Transmitter31-4
Added Pin To Net: NetName=T37_U_FPGA2 Pin=U2_U_Transmitter32-2
Added Pin To Net: NetName=T38_U_FPGA2 Pin=U2_U_Transmitter32-4
Added Pin To Net: NetName=T35_U_FPGA2 Pin=U2_U_Transmitter33-2
Added Pin To Net: NetName=T36_U_FPGA2 Pin=U2_U_Transmitter33-4
Added Pin To Net: NetName=T33_U_FPGA2 Pin=U2_U_Transmitter34-2
Added Pin To Net: NetName=T34_U_FPGA2 Pin=U2_U_Transmitter34-4
Added Pin To Net: NetName=T31_U_FPGA2 Pin=U2_U_Transmitter35-2
Added Pin To Net: NetName=T32_U_FPGA2 Pin=U2_U_Transmitter35-4
Added Pin To Net: NetName=T29_U_FPGA2 Pin=U2_U_Transmitter36-2
Added Pin To Net: NetName=T30_U_FPGA2 Pin=U2_U_Transmitter36-4
Added Pin To Net: NetName=T27_U_FPGA2 Pin=U2_U_Transmitter37-2
Added Pin To Net: NetName=T28_U_FPGA2 Pin=U2_U_Transmitter37-4
Added Pin To Net: NetName=T25_U_FPGA2 Pin=U2_U_Transmitter38-2
Added Pin To Net: NetName=T26_U_FPGA2 Pin=U2_U_Transmitter38-4
Added Pin To Net: NetName=T23_U_FPGA2 Pin=U2_U_Transmitter39-2
Added Pin To Net: NetName=T24_U_FPGA2 Pin=U2_U_Transmitter39-4
Added Pin To Net: NetName=T21_U_FPGA2 Pin=U2_U_Transmitter40-2
Added Pin To Net: NetName=T22_U_FPGA2 Pin=U2_U_Transmitter40-4
Added Pin To Net: NetName=T19_U_FPGA2 Pin=U2_U_Transmitter41-2
Added Pin To Net: NetName=T20_U_FPGA2 Pin=U2_U_Transmitter41-4
Added Pin To Net: NetName=T17_U_FPGA2 Pin=U2_U_Transmitter42-2
Added Pin To Net: NetName=T18_U_FPGA2 Pin=U2_U_Transmitter42-4
Added Pin To Net: NetName=T15_U_FPGA2 Pin=U2_U_Transmitter43-2
Added Pin To Net: NetName=T16_U_FPGA2 Pin=U2_U_Transmitter43-4
Added Pin To Net: NetName=T13_U_FPGA2 Pin=U2_U_Transmitter44-2
Added Pin To Net: NetName=T14_U_FPGA2 Pin=U2_U_Transmitter44-4
Added Pin To Net: NetName=T11_U_FPGA2 Pin=U2_U_Transmitter45-2
Added Pin To Net: NetName=T12_U_FPGA2 Pin=U2_U_Transmitter45-4
Added Pin To Net: NetName=T9_U_FPGA2 Pin=U2_U_Transmitter46-2
Added Pin To Net: NetName=T10_U_FPGA2 Pin=U2_U_Transmitter46-4
Added Pin To Net: NetName=T7_U_FPGA2 Pin=U2_U_Transmitter47-2
Added Pin To Net: NetName=T8_U_FPGA2 Pin=U2_U_Transmitter47-4
Added Pin To Net: NetName=T5_U_FPGA2 Pin=U2_U_Transmitter48-2
Added Pin To Net: NetName=T6_U_FPGA2 Pin=U2_U_Transmitter48-4
Added Pin To Net: NetName=T3_U_FPGA2 Pin=U2_U_Transmitter49-2
Added Pin To Net: NetName=T4_U_FPGA2 Pin=U2_U_Transmitter49-4
Added Pin To Net: NetName=T1_U_FPGA2 Pin=U2_U_Transmitter50-2
Added Pin To Net: NetName=T2_U_FPGA2 Pin=U2_U_Transmitter50-4
Add Net: Net with name "NetMAIN_1" already exists
Add Net: Net with name "NetMAIN_1" already exists
Add Net: Net with name "NetMAIN_1" already exists
Added Member To Class: ClassName=Main Member=Component MAIN 0R
Added Member To Class: ClassName=Main Member=Component MAIN 0R
Added Member To Class: ClassName=Main Member=Component MAIN 0R
Added Member To Class: ClassName=Main Member=Component SEC 0R
Added Member To Class: ClassName=Main Member=Component SEC 0R
Added Member To Class: ClassName=U_FPGA1 Member=Component U1_U_FPGA1 (U1A) T8Q144Cx
Added Member To Class: ClassName=U_FPGA2 Member=Component U1_U_FPGA2 (U1A) T8Q144Cx
