Removed Pin From Net: NetName=T50_U_FPGA1 Pin=U2_U_Transmitter1-2
Removed Pin From Net: NetName=T49_U_FPGA1 Pin=U2_U_Transmitter1-4
Removed Pin From Net: NetName=T48_U_FPGA1 Pin=U2_U_Transmitter2-2
Removed Pin From Net: NetName=T47_U_FPGA1 Pin=U2_U_Transmitter2-4
Removed Pin From Net: NetName=T46_U_FPGA1 Pin=U2_U_Transmitter3-2
Removed Pin From Net: NetName=T45_U_FPGA1 Pin=U2_U_Transmitter3-4
Removed Pin From Net: NetName=T44_U_FPGA1 Pin=U2_U_Transmitter4-2
Removed Pin From Net: NetName=T43_U_FPGA1 Pin=U2_U_Transmitter4-4
Removed Pin From Net: NetName=T42_U_FPGA1 Pin=U2_U_Transmitter5-2
Removed Pin From Net: NetName=T41_U_FPGA1 Pin=U2_U_Transmitter5-4
Removed Pin From Net: NetName=T40_U_FPGA1 Pin=U2_U_Transmitter6-2
Removed Pin From Net: NetName=T39_U_FPGA1 Pin=U2_U_Transmitter6-4
Removed Pin From Net: NetName=T38_U_FPGA1 Pin=U2_U_Transmitter7-2
Removed Pin From Net: NetName=T37_U_FPGA1 Pin=U2_U_Transmitter7-4
Removed Pin From Net: NetName=T36_U_FPGA1 Pin=U2_U_Transmitter8-2
Removed Pin From Net: NetName=T35_U_FPGA1 Pin=U2_U_Transmitter8-4
Removed Pin From Net: NetName=T34_U_FPGA1 Pin=U2_U_Transmitter9-2
Removed Pin From Net: NetName=T33_U_FPGA1 Pin=U2_U_Transmitter9-4
Removed Pin From Net: NetName=T32_U_FPGA1 Pin=U2_U_Transmitter10-2
Removed Pin From Net: NetName=T31_U_FPGA1 Pin=U2_U_Transmitter10-4
Removed Pin From Net: NetName=T30_U_FPGA1 Pin=U2_U_Transmitter11-2
Removed Pin From Net: NetName=T29_U_FPGA1 Pin=U2_U_Transmitter11-4
Removed Pin From Net: NetName=T28_U_FPGA1 Pin=U2_U_Transmitter12-2
Removed Pin From Net: NetName=T27_U_FPGA1 Pin=U2_U_Transmitter12-4
Removed Pin From Net: NetName=T26_U_FPGA1 Pin=U2_U_Transmitter13-2
Removed Pin From Net: NetName=T25_U_FPGA1 Pin=U2_U_Transmitter13-4
Removed Pin From Net: NetName=T24_U_FPGA1 Pin=U2_U_Transmitter14-2
Removed Pin From Net: NetName=T23_U_FPGA1 Pin=U2_U_Transmitter14-4
Removed Pin From Net: NetName=T22_U_FPGA1 Pin=U2_U_Transmitter15-2
Removed Pin From Net: NetName=T21_U_FPGA1 Pin=U2_U_Transmitter15-4
Removed Pin From Net: NetName=T20_U_FPGA1 Pin=U2_U_Transmitter16-2
Removed Pin From Net: NetName=T19_U_FPGA1 Pin=U2_U_Transmitter16-4
Removed Pin From Net: NetName=T18_U_FPGA1 Pin=U2_U_Transmitter17-2
Removed Pin From Net: NetName=T17_U_FPGA1 Pin=U2_U_Transmitter17-4
Removed Pin From Net: NetName=T16_U_FPGA1 Pin=U2_U_Transmitter18-2
Removed Pin From Net: NetName=T15_U_FPGA1 Pin=U2_U_Transmitter18-4
Removed Pin From Net: NetName=T14_U_FPGA1 Pin=U2_U_Transmitter19-2
Removed Pin From Net: NetName=T13_U_FPGA1 Pin=U2_U_Transmitter19-4
Removed Pin From Net: NetName=T12_U_FPGA1 Pin=U2_U_Transmitter20-2
Removed Pin From Net: NetName=T11_U_FPGA1 Pin=U2_U_Transmitter20-4
Removed Pin From Net: NetName=T10_U_FPGA1 Pin=U2_U_Transmitter21-2
Removed Pin From Net: NetName=T9_U_FPGA1 Pin=U2_U_Transmitter21-4
Removed Pin From Net: NetName=T8_U_FPGA1 Pin=U2_U_Transmitter22-2
Removed Pin From Net: NetName=T7_U_FPGA1 Pin=U2_U_Transmitter22-4
Removed Pin From Net: NetName=T6_U_FPGA1 Pin=U2_U_Transmitter23-2
Removed Pin From Net: NetName=T5_U_FPGA1 Pin=U2_U_Transmitter23-4
Removed Pin From Net: NetName=T4_U_FPGA1 Pin=U2_U_Transmitter24-2
Removed Pin From Net: NetName=T3_U_FPGA1 Pin=U2_U_Transmitter24-4
Removed Pin From Net: NetName=T2_U_FPGA1 Pin=U2_U_Transmitter25-2
Removed Pin From Net: NetName=T1_U_FPGA1 Pin=U2_U_Transmitter25-4
Removed Pin From Net: NetName=T50_U_FPGA2 Pin=U2_U_Transmitter26-2
Removed Pin From Net: NetName=T49_U_FPGA2 Pin=U2_U_Transmitter26-4
Removed Pin From Net: NetName=T48_U_FPGA2 Pin=U2_U_Transmitter27-2
Removed Pin From Net: NetName=T47_U_FPGA2 Pin=U2_U_Transmitter27-4
Removed Pin From Net: NetName=T46_U_FPGA2 Pin=U2_U_Transmitter28-2
Removed Pin From Net: NetName=T45_U_FPGA2 Pin=U2_U_Transmitter28-4
Removed Pin From Net: NetName=T44_U_FPGA2 Pin=U2_U_Transmitter29-2
Removed Pin From Net: NetName=T43_U_FPGA2 Pin=U2_U_Transmitter29-4
Removed Pin From Net: NetName=T42_U_FPGA2 Pin=U2_U_Transmitter30-2
Removed Pin From Net: NetName=T41_U_FPGA2 Pin=U2_U_Transmitter30-4
Removed Pin From Net: NetName=T40_U_FPGA2 Pin=U2_U_Transmitter31-2
Removed Pin From Net: NetName=T39_U_FPGA2 Pin=U2_U_Transmitter31-4
Removed Pin From Net: NetName=T38_U_FPGA2 Pin=U2_U_Transmitter32-2
Removed Pin From Net: NetName=T37_U_FPGA2 Pin=U2_U_Transmitter32-4
Removed Pin From Net: NetName=T36_U_FPGA2 Pin=U2_U_Transmitter33-2
Removed Pin From Net: NetName=T35_U_FPGA2 Pin=U2_U_Transmitter33-4
Removed Pin From Net: NetName=T34_U_FPGA2 Pin=U2_U_Transmitter34-2
Removed Pin From Net: NetName=T33_U_FPGA2 Pin=U2_U_Transmitter34-4
Removed Pin From Net: NetName=T32_U_FPGA2 Pin=U2_U_Transmitter35-2
Removed Pin From Net: NetName=T31_U_FPGA2 Pin=U2_U_Transmitter35-4
Removed Pin From Net: NetName=T30_U_FPGA2 Pin=U2_U_Transmitter36-2
Removed Pin From Net: NetName=T29_U_FPGA2 Pin=U2_U_Transmitter36-4
Removed Pin From Net: NetName=T28_U_FPGA2 Pin=U2_U_Transmitter37-2
Removed Pin From Net: NetName=T27_U_FPGA2 Pin=U2_U_Transmitter37-4
Removed Pin From Net: NetName=T26_U_FPGA2 Pin=U2_U_Transmitter38-2
Removed Pin From Net: NetName=T25_U_FPGA2 Pin=U2_U_Transmitter38-4
Removed Pin From Net: NetName=T24_U_FPGA2 Pin=U2_U_Transmitter39-2
Removed Pin From Net: NetName=T23_U_FPGA2 Pin=U2_U_Transmitter39-4
Removed Pin From Net: NetName=T22_U_FPGA2 Pin=U2_U_Transmitter40-2
Removed Pin From Net: NetName=T21_U_FPGA2 Pin=U2_U_Transmitter40-4
Removed Pin From Net: NetName=T20_U_FPGA2 Pin=U2_U_Transmitter41-2
Removed Pin From Net: NetName=T19_U_FPGA2 Pin=U2_U_Transmitter41-4
Removed Pin From Net: NetName=T18_U_FPGA2 Pin=U2_U_Transmitter42-2
Removed Pin From Net: NetName=T17_U_FPGA2 Pin=U2_U_Transmitter42-4
Removed Pin From Net: NetName=T16_U_FPGA2 Pin=U2_U_Transmitter43-2
Removed Pin From Net: NetName=T15_U_FPGA2 Pin=U2_U_Transmitter43-4
Removed Pin From Net: NetName=T14_U_FPGA2 Pin=U2_U_Transmitter44-2
Removed Pin From Net: NetName=T13_U_FPGA2 Pin=U2_U_Transmitter44-4
Removed Pin From Net: NetName=T12_U_FPGA2 Pin=U2_U_Transmitter45-2
Removed Pin From Net: NetName=T11_U_FPGA2 Pin=U2_U_Transmitter45-4
Removed Pin From Net: NetName=T10_U_FPGA2 Pin=U2_U_Transmitter46-2
Removed Pin From Net: NetName=T9_U_FPGA2 Pin=U2_U_Transmitter46-4
Removed Pin From Net: NetName=T8_U_FPGA2 Pin=U2_U_Transmitter47-2
Removed Pin From Net: NetName=T7_U_FPGA2 Pin=U2_U_Transmitter47-4
Removed Pin From Net: NetName=T6_U_FPGA2 Pin=U2_U_Transmitter48-2
Removed Pin From Net: NetName=T5_U_FPGA2 Pin=U2_U_Transmitter48-4
Removed Pin From Net: NetName=T4_U_FPGA2 Pin=U2_U_Transmitter49-2
Removed Pin From Net: NetName=T3_U_FPGA2 Pin=U2_U_Transmitter49-4
Removed Pin From Net: NetName=T2_U_FPGA2 Pin=U2_U_Transmitter50-2
Removed Pin From Net: NetName=T1_U_FPGA2 Pin=U2_U_Transmitter50-4
Added Pin To Net: NetName=T49_U_FPGA1 Pin=U2_U_Transmitter1-2
Added Pin To Net: NetName=T50_U_FPGA1 Pin=U2_U_Transmitter1-4
Added Pin To Net: NetName=T47_U_FPGA1 Pin=U2_U_Transmitter2-2
Added Pin To Net: NetName=T48_U_FPGA1 Pin=U2_U_Transmitter2-4
Added Pin To Net: NetName=T45_U_FPGA1 Pin=U2_U_Transmitter3-2
Added Pin To Net: NetName=T46_U_FPGA1 Pin=U2_U_Transmitter3-4
Added Pin To Net: NetName=T43_U_FPGA1 Pin=U2_U_Transmitter4-2
Added Pin To Net: NetName=T44_U_FPGA1 Pin=U2_U_Transmitter4-4
Added Pin To Net: NetName=T41_U_FPGA1 Pin=U2_U_Transmitter5-2
Added Pin To Net: NetName=T42_U_FPGA1 Pin=U2_U_Transmitter5-4
Added Pin To Net: NetName=T39_U_FPGA1 Pin=U2_U_Transmitter6-2
Added Pin To Net: NetName=T40_U_FPGA1 Pin=U2_U_Transmitter6-4
Added Pin To Net: NetName=T37_U_FPGA1 Pin=U2_U_Transmitter7-2
Added Pin To Net: NetName=T38_U_FPGA1 Pin=U2_U_Transmitter7-4
Added Pin To Net: NetName=T35_U_FPGA1 Pin=U2_U_Transmitter8-2
Added Pin To Net: NetName=T36_U_FPGA1 Pin=U2_U_Transmitter8-4
Added Pin To Net: NetName=T33_U_FPGA1 Pin=U2_U_Transmitter9-2
Added Pin To Net: NetName=T34_U_FPGA1 Pin=U2_U_Transmitter9-4
Added Pin To Net: NetName=T31_U_FPGA1 Pin=U2_U_Transmitter10-2
Added Pin To Net: NetName=T32_U_FPGA1 Pin=U2_U_Transmitter10-4
Added Pin To Net: NetName=T29_U_FPGA1 Pin=U2_U_Transmitter11-2
Added Pin To Net: NetName=T30_U_FPGA1 Pin=U2_U_Transmitter11-4
Added Pin To Net: NetName=T27_U_FPGA1 Pin=U2_U_Transmitter12-2
Added Pin To Net: NetName=T28_U_FPGA1 Pin=U2_U_Transmitter12-4
Added Pin To Net: NetName=T25_U_FPGA1 Pin=U2_U_Transmitter13-2
Added Pin To Net: NetName=T26_U_FPGA1 Pin=U2_U_Transmitter13-4
Added Pin To Net: NetName=T23_U_FPGA1 Pin=U2_U_Transmitter14-2
Added Pin To Net: NetName=T24_U_FPGA1 Pin=U2_U_Transmitter14-4
Added Pin To Net: NetName=T21_U_FPGA1 Pin=U2_U_Transmitter15-2
Added Pin To Net: NetName=T22_U_FPGA1 Pin=U2_U_Transmitter15-4
Added Pin To Net: NetName=T19_U_FPGA1 Pin=U2_U_Transmitter16-2
Added Pin To Net: NetName=T20_U_FPGA1 Pin=U2_U_Transmitter16-4
Added Pin To Net: NetName=T17_U_FPGA1 Pin=U2_U_Transmitter17-2
Added Pin To Net: NetName=T18_U_FPGA1 Pin=U2_U_Transmitter17-4
Added Pin To Net: NetName=T15_U_FPGA1 Pin=U2_U_Transmitter18-2
Added Pin To Net: NetName=T16_U_FPGA1 Pin=U2_U_Transmitter18-4
Added Pin To Net: NetName=T13_U_FPGA1 Pin=U2_U_Transmitter19-2
Added Pin To Net: NetName=T14_U_FPGA1 Pin=U2_U_Transmitter19-4
Added Pin To Net: NetName=T11_U_FPGA1 Pin=U2_U_Transmitter20-2
Added Pin To Net: NetName=T12_U_FPGA1 Pin=U2_U_Transmitter20-4
Added Pin To Net: NetName=T9_U_FPGA1 Pin=U2_U_Transmitter21-2
Added Pin To Net: NetName=T10_U_FPGA1 Pin=U2_U_Transmitter21-4
Added Pin To Net: NetName=T7_U_FPGA1 Pin=U2_U_Transmitter22-2
Added Pin To Net: NetName=T8_U_FPGA1 Pin=U2_U_Transmitter22-4
Added Pin To Net: NetName=T5_U_FPGA1 Pin=U2_U_Transmitter23-2
Added Pin To Net: NetName=T6_U_FPGA1 Pin=U2_U_Transmitter23-4
Added Pin To Net: NetName=T3_U_FPGA1 Pin=U2_U_Transmitter24-2
Added Pin To Net: NetName=T4_U_FPGA1 Pin=U2_U_Transmitter24-4
Added Pin To Net: NetName=T1_U_FPGA1 Pin=U2_U_Transmitter25-2
Added Pin To Net: NetName=T2_U_FPGA1 Pin=U2_U_Transmitter25-4
Added Pin To Net: NetName=T49_U_FPGA2 Pin=U2_U_Transmitter26-2
Added Pin To Net: NetName=T50_U_FPGA2 Pin=U2_U_Transmitter26-4
Added Pin To Net: NetName=T47_U_FPGA2 Pin=U2_U_Transmitter27-2
Added Pin To Net: NetName=T48_U_FPGA2 Pin=U2_U_Transmitter27-4
Added Pin To Net: NetName=T45_U_FPGA2 Pin=U2_U_Transmitter28-2
Added Pin To Net: NetName=T46_U_FPGA2 Pin=U2_U_Transmitter28-4
Added Pin To Net: NetName=T43_U_FPGA2 Pin=U2_U_Transmitter29-2
Added Pin To Net: NetName=T44_U_FPGA2 Pin=U2_U_Transmitter29-4
Added Pin To Net: NetName=T41_U_FPGA2 Pin=U2_U_Transmitter30-2
Added Pin To Net: NetName=T42_U_FPGA2 Pin=U2_U_Transmitter30-4
Added Pin To Net: NetName=T39_U_FPGA2 Pin=U2_U_Transmitter31-2
Added Pin To Net: NetName=T40_U_FPGA2 Pin=U2_U_Transmitter31-4
Added Pin To Net: NetName=T37_U_FPGA2 Pin=U2_U_Transmitter32-2
Added Pin To Net: NetName=T38_U_FPGA2 Pin=U2_U_Transmitter32-4
Added Pin To Net: NetName=T35_U_FPGA2 Pin=U2_U_Transmitter33-2
Added Pin To Net: NetName=T36_U_FPGA2 Pin=U2_U_Transmitter33-4
Added Pin To Net: NetName=T33_U_FPGA2 Pin=U2_U_Transmitter34-2
Added Pin To Net: NetName=T34_U_FPGA2 Pin=U2_U_Transmitter34-4
Added Pin To Net: NetName=T31_U_FPGA2 Pin=U2_U_Transmitter35-2
Added Pin To Net: NetName=T32_U_FPGA2 Pin=U2_U_Transmitter35-4
Added Pin To Net: NetName=T29_U_FPGA2 Pin=U2_U_Transmitter36-2
Added Pin To Net: NetName=T30_U_FPGA2 Pin=U2_U_Transmitter36-4
Added Pin To Net: NetName=T27_U_FPGA2 Pin=U2_U_Transmitter37-2
Added Pin To Net: NetName=T28_U_FPGA2 Pin=U2_U_Transmitter37-4
Added Pin To Net: NetName=T25_U_FPGA2 Pin=U2_U_Transmitter38-2
Added Pin To Net: NetName=T26_U_FPGA2 Pin=U2_U_Transmitter38-4
Added Pin To Net: NetName=T23_U_FPGA2 Pin=U2_U_Transmitter39-2
Added Pin To Net: NetName=T24_U_FPGA2 Pin=U2_U_Transmitter39-4
Added Pin To Net: NetName=T21_U_FPGA2 Pin=U2_U_Transmitter40-2
Added Pin To Net: NetName=T22_U_FPGA2 Pin=U2_U_Transmitter40-4
Added Pin To Net: NetName=T19_U_FPGA2 Pin=U2_U_Transmitter41-2
Added Pin To Net: NetName=T20_U_FPGA2 Pin=U2_U_Transmitter41-4
Added Pin To Net: NetName=T17_U_FPGA2 Pin=U2_U_Transmitter42-2
Added Pin To Net: NetName=T18_U_FPGA2 Pin=U2_U_Transmitter42-4
Added Pin To Net: NetName=T15_U_FPGA2 Pin=U2_U_Transmitter43-2
Added Pin To Net: NetName=T16_U_FPGA2 Pin=U2_U_Transmitter43-4
Added Pin To Net: NetName=T13_U_FPGA2 Pin=U2_U_Transmitter44-2
Added Pin To Net: NetName=T14_U_FPGA2 Pin=U2_U_Transmitter44-4
Added Pin To Net: NetName=T11_U_FPGA2 Pin=U2_U_Transmitter45-2
Added Pin To Net: NetName=T12_U_FPGA2 Pin=U2_U_Transmitter45-4
Added Pin To Net: NetName=T9_U_FPGA2 Pin=U2_U_Transmitter46-2
Added Pin To Net: NetName=T10_U_FPGA2 Pin=U2_U_Transmitter46-4
Added Pin To Net: NetName=T7_U_FPGA2 Pin=U2_U_Transmitter47-2
Added Pin To Net: NetName=T8_U_FPGA2 Pin=U2_U_Transmitter47-4
Added Pin To Net: NetName=T5_U_FPGA2 Pin=U2_U_Transmitter48-2
Added Pin To Net: NetName=T6_U_FPGA2 Pin=U2_U_Transmitter48-4
Added Pin To Net: NetName=T3_U_FPGA2 Pin=U2_U_Transmitter49-2
Added Pin To Net: NetName=T4_U_FPGA2 Pin=U2_U_Transmitter49-4
Added Pin To Net: NetName=T1_U_FPGA2 Pin=U2_U_Transmitter50-2
Added Pin To Net: NetName=T2_U_FPGA2 Pin=U2_U_Transmitter50-4
Add Net: Net with name "NetMAIN_1" already exists
Add Net: Net with name "NetMAIN_1" already exists
Add Net: Net with name "NetMAIN_1" already exists
Added Member To Class: ClassName=Main Member=Component MAIN 0R
Added Member To Class: ClassName=Main Member=Component MAIN 0R
Added Member To Class: ClassName=Main Member=Component MAIN 0R
Added Member To Class: ClassName=Main Member=Component SEC 0R
Added Member To Class: ClassName=Main Member=Component SEC 0R
