Removed Pin From Net: NetName=3V3_EN Pin=U7-1
Removed Pin From Net: NetName=1V2_EN Pin=U7-2
Removed Pin From Net: NetName=FT_RESET Pin=U7-32
Added Component: Designator=J?(61001621121)
Add component (AddParameter): Name = "Contact Resistance"; Value = "20mOhm"; VariantName = "[No Variations]"
Add component (AddParameter): Name = "Datasheet URL"; Value = "https://katalog.we-online.de/em/datasheet/6100xx21121.pdf"; VariantName = "[No Variations]"
Add component (AddParameter): Name = "Gender"; Value = "Male"; VariantName = "[No Variations]"
Add component (AddParameter): Name = "Manufacturer"; Value = "Wurth Elektronik"; VariantName = "[No Variations]"
Add component (AddParameter): Name = "Manufacturer URL"; Value = "http://www.we-online.de"; VariantName = "[No Variations]"
Add component (AddParameter): Name = "Mounting Technology"; Value = "SMT"; VariantName = "[No Variations]"
Add component (AddParameter): Name = "Operating Temperature"; Value = "-40to125degC"; VariantName = "[No Variations]"
Add component (AddParameter): Name = "Orientation"; Value = "Vertical"; VariantName = "[No Variations]"
Add component (AddParameter): Name = "Package Reference"; Value = "61001621121"; VariantName = "[No Variations]"
Add component (AddParameter): Name = "Packaging"; Value = "Tube"; VariantName = "[No Variations]"
Add component (AddParameter): Name = "Part Number"; Value = "61001621121"; VariantName = "[No Variations]"
Add component (AddParameter): Name = "Pin Number"; Value = "16"; VariantName = "[No Variations]"
Add component (AddParameter): Name = "Pitch"; Value = "2.54mm"; VariantName = "[No Variations]"
Add component (AddParameter): Name = "Publisher"; Value = "WurthElektronik"; VariantName = "[No Variations]"
Add component (AddParameter): Name = "Rated Current"; Value = "3A"; VariantName = "[No Variations]"
Add component (AddParameter): Name = "Row Number"; Value = "Dual"; VariantName = "[No Variations]"
Add component (AddParameter): Name = "Withstanding Voltage"; Value = "500VAC"; VariantName = "[No Variations]"
Add component (AddParameter): Name = "Working Voltage"; Value = "250VAC"; VariantName = "[No Variations]"
Added Component: Designator=P?(61300611121)
Add component (AddParameter): Name = "Contact Resistance"; Value = "20mOhm"; VariantName = "[No Variations]"
Add component (AddParameter): Name = "Datasheet URL"; Value = "https://katalog.we-online.de/em/datasheet/6130xx11121.pdf"; VariantName = "[No Variations]"
Add component (AddParameter): Name = "Gender"; Value = "Male"; VariantName = "[No Variations]"
Add component (AddParameter): Name = "Manufacturer"; Value = "Wurth Elektronik"; VariantName = "[No Variations]"
Add component (AddParameter): Name = "Manufacturer URL"; Value = "http://www.we-online.de"; VariantName = "[No Variations]"
Add component (AddParameter): Name = "Mounting Technology"; Value = "THT"; VariantName = "[No Variations]"
Add component (AddParameter): Name = "Operating Temperature"; Value = "-40to105degC"; VariantName = "[No Variations]"
Add component (AddParameter): Name = "Orientation"; Value = "Vertical"; VariantName = "[No Variations]"
Add component (AddParameter): Name = "Package Reference"; Value = "61300611121"; VariantName = "[No Variations]"
Add component (AddParameter): Name = "Packaging"; Value = "Bag"; VariantName = "[No Variations]"
Add component (AddParameter): Name = "Part Number"; Value = "61300611121"; VariantName = "[No Variations]"
Add component (AddParameter): Name = "Pin Number"; Value = "6"; VariantName = "[No Variations]"
Add component (AddParameter): Name = "Pitch"; Value = "2.54mm"; VariantName = "[No Variations]"
Add component (AddParameter): Name = "Publisher"; Value = "WurthElektronik"; VariantName = "[No Variations]"
Add component (AddParameter): Name = "Rated Current"; Value = "3A"; VariantName = "[No Variations]"
Add component (AddParameter): Name = "Row Number"; Value = "Single"; VariantName = "[No Variations]"
Add component (AddParameter): Name = "Withstanding Voltage"; Value = "500VAC"; VariantName = "[No Variations]"
Add component (AddParameter): Name = "Working Voltage"; Value = "250VAC"; VariantName = "[No Variations]"
Added Pin To Net: NetName=CDONE_EXT Pin=J?-1
Added Pin To Net: NetName=CRESET Pin=J?-2
Added Pin To Net: NetName=EXT_SYNC_IN Pin=J?-3
Added Pin To Net: NetName=GND Pin=J?-4
Added Pin To Net: NetName=EXT_SYNC_OUT Pin=J?-5
Added Pin To Net: NetName=20V Pin=J?-6
Added Pin To Net: NetName=CCK_DATA Pin=J?-7
Added Pin To Net: NetName=3V3 Pin=J?-8
Added Pin To Net: NetName=MISO_DATA Pin=J?-9
Added Pin To Net: NetName=GND Pin=J?-10
Added Pin To Net: NetName=MOSI_DATA Pin=J?-11
Added Pin To Net: NetName=1V2 Pin=J?-12
Added Pin To Net: NetName=NetJ?_13 Pin=J?-13
Added Pin To Net: NetName=20V Pin=J?-14
Added Pin To Net: NetName=NetJ?_15 Pin=J?-15
Added Pin To Net: NetName=GND Pin=J?-16
Added Pin To Net: NetName=3V3_FT Pin=P?-1
Added Pin To Net: NetName=RST_MCU Pin=P?-2
Added Pin To Net: NetName=MOSI_MCU Pin=P?-3
Added Pin To Net: NetName=MISO_MCU Pin=P?-4
Added Pin To Net: NetName=CCK_MCU Pin=P?-5
Added Pin To Net: NetName=GND Pin=P?-6
Add Pin To Net: Unknown Pin: Pin Q1-1
Add Pin To Net: Unknown Pin: Pin Q1-2
Add Pin To Net: Unknown Pin: Pin Q1-3
Add Pin To Net: Unknown Pin: Pin Q2-1
Add Pin To Net: Unknown Pin: Pin Q2-2
Add Pin To Net: Unknown Pin: Pin Q2-3
Add Pin To Net: Unknown Pin: Pin R24-1
Add Pin To Net: Unknown Pin: Pin R24-2
Add Pin To Net: Unknown Pin: Pin R25-1
Add Pin To Net: Unknown Pin: Pin R25-2
Add Pin To Net: Unknown Pin: Pin R28-1
Add Pin To Net: Unknown Pin: Pin R28-2
Add Pin To Net: Unknown Pin: Pin R31-1
Add Pin To Net: Unknown Pin: Pin R31-2
Add Pin To Net: Unknown Pin: Pin R32-1
Add Pin To Net: Unknown Pin: Pin R32-2
Add Pin To Net: Unknown Pin: Pin R33-1
Add Pin To Net: Unknown Pin: Pin R33-2
Added Pin To Net: NetName=FT_RESET Pin=U7-25
Added Pin To Net: NetName=3V3_EN Pin=U7-26
Added Pin To Net: NetName=1V2_EN Pin=U7-27
Add Net: Net with name "NetMAIN_1" already exists
Added Member To Class: ClassName=Main Member=Component J? 61001621121
Added Member To Class: ClassName=Main Member=Component MAIN 0R
Added Member To Class: ClassName=Main Member=Component MAIN 0R
Added Member To Class: ClassName=Main Member=Component MAIN 0R
Added Member To Class: ClassName=Main Member=Component P? 61300611121
Add Class Member: Failed to add class member : Component Q1 MMBT3904-7-F
Add Class Member: Failed to add class member : Component Q2 MMBT3904-7-F
Add Class Member: Failed to add class member : Component R24 100k
Add Class Member: Failed to add class member : Component R25 100k
Add Class Member: Failed to add class member : Component R28 100k
Add Class Member: Failed to add class member : Component R31 100k
Add Class Member: Failed to add class member : Component R32 100k
Add Class Member: Failed to add class member : Component R33 100k
Added Member To Class: ClassName=Main Member=Component SEC 0R
Added Member To Class: ClassName=Main Member=Component SEC 0R
Added Member To Class: ClassName=Main Member=Component U5 FT4222HQ-D-R
